Analysis & Elaboration report for NeuralNetwork
Fri Dec 14 06:24:55 2018
Quartus Prime Version 18.0.0 Build 614 04/24/2018 SJ Lite Edition


---------------------
; Table of Contents ;
---------------------
  1. Legal Notice
  2. Analysis & Elaboration Summary
  3. Parallel Compilation
  4. Analysis & Elaboration Settings
  5. Analysis & Elaboration Messages



----------------
; Legal Notice ;
----------------
Copyright (C) 2018  Intel Corporation. All rights reserved.
Your use of Intel Corporation's design tools, logic functions 
and other software and tools, and its AMPP partner logic 
functions, and any output files from any of the foregoing 
(including device programming or simulation files), and any 
associated documentation or information are expressly subject 
to the terms and conditions of the Intel Program License 
Subscription Agreement, the Intel Quartus Prime License Agreement,
the Intel FPGA IP License Agreement, or other applicable license
agreement, including, without limitation, that your use is for
the sole purpose of programming logic devices manufactured by
Intel and sold by Intel or its authorized distributors.  Please
refer to the applicable agreement for further details.



+----------------------------------------------------------------------------------+
; Analysis & Elaboration Summary                                                   ;
+------------------------------------+---------------------------------------------+
; Analysis & Elaboration Status      ; Failed - Fri Dec 14 06:24:55 2018           ;
; Quartus Prime Version              ; 18.0.0 Build 614 04/24/2018 SJ Lite Edition ;
; Revision Name                      ; NeuralNetwork                               ;
; Top-level Entity Name              ; InterLayer                                  ;
; Family                             ; MAX 10                                      ;
; Total logic elements               ; N/A until Partition Merge                   ;
;     Total combinational functions  ; N/A until Partition Merge                   ;
;     Dedicated logic registers      ; N/A until Partition Merge                   ;
; Total registers                    ; N/A until Partition Merge                   ;
; Total pins                         ; N/A until Partition Merge                   ;
; Total virtual pins                 ; N/A until Partition Merge                   ;
; Total memory bits                  ; N/A until Partition Merge                   ;
; Embedded Multiplier 9-bit elements ; N/A until Partition Merge                   ;
; Total PLLs                         ; N/A until Partition Merge                   ;
; UFM blocks                         ; N/A until Partition Merge                   ;
; ADC blocks                         ; N/A until Partition Merge                   ;
+------------------------------------+---------------------------------------------+


+------------------------------------------+
; Parallel Compilation                     ;
+----------------------------+-------------+
; Processors                 ; Number      ;
+----------------------------+-------------+
; Number detected on machine ; 4           ;
; Maximum allowed            ; 2           ;
;                            ;             ;
; Average used               ; 1.00        ;
; Maximum used               ; 1           ;
;                            ;             ;
; Usage by Processor         ; % Time Used ;
;     Processor 1            ; 100.0%      ;
+----------------------------+-------------+


+------------------------------------------------------------------------------------------------------------+
; Analysis & Elaboration Settings                                                                            ;
+------------------------------------------------------------------+--------------------+--------------------+
; Option                                                           ; Setting            ; Default Value      ;
+------------------------------------------------------------------+--------------------+--------------------+
; Device                                                           ; 10M50DAF484C6GES   ;                    ;
; Top-level entity name                                            ; InterLayer         ; NeuralNetwork      ;
; Family name                                                      ; MAX 10             ; Cyclone V          ;
; Use smart compilation                                            ; Off                ; Off                ;
; Enable parallel Assembler and Timing Analyzer during compilation ; On                 ; On                 ;
; Enable compact report table                                      ; Off                ; Off                ;
; Restructure Multiplexers                                         ; Auto               ; Auto               ;
; Create Debugging Nodes for IP Cores                              ; Off                ; Off                ;
; Preserve fewer node names                                        ; On                 ; On                 ;
; Intel FPGA IP Evaluation Mode                                    ; Enable             ; Enable             ;
; Verilog Version                                                  ; Verilog_2001       ; Verilog_2001       ;
; VHDL Version                                                     ; VHDL_1993          ; VHDL_1993          ;
; State Machine Processing                                         ; Auto               ; Auto               ;
; Safe State Machine                                               ; Off                ; Off                ;
; Extract Verilog State Machines                                   ; On                 ; On                 ;
; Extract VHDL State Machines                                      ; On                 ; On                 ;
; Ignore Verilog initial constructs                                ; Off                ; Off                ;
; Iteration limit for constant Verilog loops                       ; 5000               ; 5000               ;
; Iteration limit for non-constant Verilog loops                   ; 250                ; 250                ;
; Add Pass-Through Logic to Inferred RAMs                          ; On                 ; On                 ;
; Infer RAMs from Raw Logic                                        ; On                 ; On                 ;
; Parallel Synthesis                                               ; On                 ; On                 ;
; DSP Block Balancing                                              ; Auto               ; Auto               ;
; NOT Gate Push-Back                                               ; On                 ; On                 ;
; Power-Up Don't Care                                              ; On                 ; On                 ;
; Remove Redundant Logic Cells                                     ; Off                ; Off                ;
; Remove Duplicate Registers                                       ; On                 ; On                 ;
; Ignore CARRY Buffers                                             ; Off                ; Off                ;
; Ignore CASCADE Buffers                                           ; Off                ; Off                ;
; Ignore GLOBAL Buffers                                            ; Off                ; Off                ;
; Ignore ROW GLOBAL Buffers                                        ; Off                ; Off                ;
; Ignore LCELL Buffers                                             ; Off                ; Off                ;
; Ignore SOFT Buffers                                              ; On                 ; On                 ;
; Limit AHDL Integers to 32 Bits                                   ; Off                ; Off                ;
; Optimization Technique                                           ; Balanced           ; Balanced           ;
; Carry Chain Length                                               ; 70                 ; 70                 ;
; Auto Carry Chains                                                ; On                 ; On                 ;
; Auto Open-Drain Pins                                             ; On                 ; On                 ;
; Perform WYSIWYG Primitive Resynthesis                            ; Off                ; Off                ;
; Auto ROM Replacement                                             ; On                 ; On                 ;
; Auto RAM Replacement                                             ; On                 ; On                 ;
; Auto DSP Block Replacement                                       ; On                 ; On                 ;
; Auto Shift Register Replacement                                  ; Auto               ; Auto               ;
; Allow Shift Register Merging across Hierarchies                  ; Auto               ; Auto               ;
; Auto Clock Enable Replacement                                    ; On                 ; On                 ;
; Strict RAM Replacement                                           ; Off                ; Off                ;
; Allow Synchronous Control Signals                                ; On                 ; On                 ;
; Force Use of Synchronous Clear Signals                           ; Off                ; Off                ;
; Auto RAM Block Balancing                                         ; On                 ; On                 ;
; Auto RAM to Logic Cell Conversion                                ; Off                ; Off                ;
; Auto Resource Sharing                                            ; Off                ; Off                ;
; Allow Any RAM Size For Recognition                               ; Off                ; Off                ;
; Allow Any ROM Size For Recognition                               ; Off                ; Off                ;
; Allow Any Shift Register Size For Recognition                    ; Off                ; Off                ;
; Use LogicLock Constraints during Resource Balancing              ; On                 ; On                 ;
; Ignore translate_off and synthesis_off directives                ; Off                ; Off                ;
; Timing-Driven Synthesis                                          ; On                 ; On                 ;
; Report Parameter Settings                                        ; On                 ; On                 ;
; Report Source Assignments                                        ; On                 ; On                 ;
; Report Connectivity Checks                                       ; On                 ; On                 ;
; Ignore Maximum Fan-Out Assignments                               ; Off                ; Off                ;
; Synchronization Register Chain Length                            ; 2                  ; 2                  ;
; Power Optimization During Synthesis                              ; Normal compilation ; Normal compilation ;
; HDL message level                                                ; Level2             ; Level2             ;
; Suppress Register Optimization Related Messages                  ; Off                ; Off                ;
; Number of Removed Registers Reported in Synthesis Report         ; 5000               ; 5000               ;
; Number of Swept Nodes Reported in Synthesis Report               ; 5000               ; 5000               ;
; Number of Inverted Registers Reported in Synthesis Report        ; 100                ; 100                ;
; Clock MUX Protection                                             ; On                 ; On                 ;
; Auto Gated Clock Conversion                                      ; Off                ; Off                ;
; Block Design Naming                                              ; Auto               ; Auto               ;
; SDC constraint protection                                        ; Off                ; Off                ;
; Synthesis Effort                                                 ; Auto               ; Auto               ;
; Shift Register Replacement - Allow Asynchronous Clear Signal     ; On                 ; On                 ;
; Pre-Mapping Resynthesis Optimization                             ; Off                ; Off                ;
; Analysis & Synthesis Message Level                               ; Medium             ; Medium             ;
; Disable Register Merging Across Hierarchies                      ; Auto               ; Auto               ;
; Resource Aware Inference For Block RAM                           ; On                 ; On                 ;
+------------------------------------------------------------------+--------------------+--------------------+


+---------------------------------+
; Analysis & Elaboration Messages ;
+---------------------------------+
Info: *******************************************************************
Info: Running Quartus Prime Analysis & Elaboration
    Info: Version 18.0.0 Build 614 04/24/2018 SJ Lite Edition
    Info: Processing started: Fri Dec 14 06:24:38 2018
Info: Command: quartus_map --read_settings_files=on --write_settings_files=off NeuralNetwork -c NeuralNetwork --analysis_and_elaboration
Warning (18236): Number of processors has not been specified which may cause overloading on shared machines.  Set the global assignment NUM_PARALLEL_PROCESSORS in your QSF to an appropriate value for best performance.
Info (20030): Parallel compilation is enabled and will use 2 of the 2 processors detected
Info (12021): Found 2 design units, including 1 entities, in source file WeightPos.vhd
    Info (12022): Found design unit 1: WeightPos-archWeightPos File: /home/viniciusas/Projects/Class/DigitalSystemsProjects/AVA_3/NN/WeightPos.vhd Line: 18
    Info (12023): Found entity 1: WeightPos File: /home/viniciusas/Projects/Class/DigitalSystemsProjects/AVA_3/NN/WeightPos.vhd Line: 8
Info (12021): Found 2 design units, including 1 entities, in source file NodePos.vhd
    Info (12022): Found design unit 1: NodePos-archNodePos File: /home/viniciusas/Projects/Class/DigitalSystemsProjects/AVA_3/NN/NodePos.vhd Line: 16
    Info (12023): Found entity 1: NodePos File: /home/viniciusas/Projects/Class/DigitalSystemsProjects/AVA_3/NN/NodePos.vhd Line: 8
Info (12021): Found 2 design units, including 1 entities, in source file InterLayer.vhd
    Info (12022): Found design unit 1: InterLayer-il1 File: /home/viniciusas/Projects/Class/DigitalSystemsProjects/AVA_3/NN/InterLayer.vhd Line: 27
    Info (12023): Found entity 1: InterLayer File: /home/viniciusas/Projects/Class/DigitalSystemsProjects/AVA_3/NN/InterLayer.vhd Line: 10
Info (12021): Found 2 design units, including 0 entities, in source file fixed_point/slogic_package.vhd
    Info (12022): Found design unit 1: slogic_package File: /home/viniciusas/Projects/Class/DigitalSystemsProjects/AVA_3/NN/fixed_point/slogic_package.vhd Line: 5
    Info (12022): Found design unit 2: slogic_package-body File: /home/viniciusas/Projects/Class/DigitalSystemsProjects/AVA_3/NN/fixed_point/slogic_package.vhd Line: 35
Info (12021): Found 2 design units, including 1 entities, in source file NeuralNetwork.vhd
    Info (12022): Found design unit 1: NeuralNetwork-nn File: /home/viniciusas/Projects/Class/DigitalSystemsProjects/AVA_3/NN/NeuralNetwork.vhd Line: 22
    Info (12023): Found entity 1: NeuralNetwork File: /home/viniciusas/Projects/Class/DigitalSystemsProjects/AVA_3/NN/NeuralNetwork.vhd Line: 16
Info (12021): Found 2 design units, including 0 entities, in source file NetworkConstants.vhd
    Info (12022): Found design unit 1: NetworkConstants File: /home/viniciusas/Projects/Class/DigitalSystemsProjects/AVA_3/NN/NetworkConstants.vhd Line: 4
    Info (12022): Found design unit 2: NetworkConstants-body File: /home/viniciusas/Projects/Class/DigitalSystemsProjects/AVA_3/NN/NetworkConstants.vhd Line: 39
Info (12021): Found 2 design units, including 0 entities, in source file Utils.vhd
    Info (12022): Found design unit 1: Utils File: /home/viniciusas/Projects/Class/DigitalSystemsProjects/AVA_3/NN/Utils.vhd Line: 4
    Info (12022): Found design unit 2: Utils-body File: /home/viniciusas/Projects/Class/DigitalSystemsProjects/AVA_3/NN/Utils.vhd Line: 9
Info (12021): Found 2 design units, including 1 entities, in source file ActivationFunction.vhd
    Info (12022): Found design unit 1: ActivationFunction-archReLU File: /home/viniciusas/Projects/Class/DigitalSystemsProjects/AVA_3/NN/ActivationFunction.vhd Line: 11
    Info (12023): Found entity 1: ActivationFunction File: /home/viniciusas/Projects/Class/DigitalSystemsProjects/AVA_3/NN/ActivationFunction.vhd Line: 4
Info (12021): Found 2 design units, including 1 entities, in source file InterLayerCore.vhd
    Info (12022): Found design unit 1: InterLayerCore-archInterLayerCore File: /home/viniciusas/Projects/Class/DigitalSystemsProjects/AVA_3/NN/InterLayerCore.vhd Line: 31
    Info (12023): Found entity 1: InterLayerCore File: /home/viniciusas/Projects/Class/DigitalSystemsProjects/AVA_3/NN/InterLayerCore.vhd Line: 11
Error (10476): VHDL error at InterLayerCore.vhd(61): type of identifier "i_calculating" does not agree with its usage as "boolean" type File: /home/viniciusas/Projects/Class/DigitalSystemsProjects/AVA_3/NN/InterLayerCore.vhd Line: 61
Error (10482): VHDL error at InterLayerCore.vhd(57): object "r_CURRENT" is used but not declared File: /home/viniciusas/Projects/Class/DigitalSystemsProjects/AVA_3/NN/InterLayerCore.vhd Line: 57
Error (10482): VHDL error at InterLayerCore.vhd(57): object "w_all_done" is used but not declared File: /home/viniciusas/Projects/Class/DigitalSystemsProjects/AVA_3/NN/InterLayerCore.vhd Line: 57
Error: Quartus Prime Analysis & Elaboration was unsuccessful. 3 errors, 1 warning
    Error: Peak virtual memory: 1270 megabytes
    Error: Processing ended: Fri Dec 14 06:24:55 2018
    Error: Elapsed time: 00:00:17
    Error: Total CPU time (on all processors): 00:00:35


